2025-03-18 19:56:03,314 - INFO: Market Maker Bot Starting...
2025-03-18 19:56:07,831 - ERROR: Order size calculation error: binance {"code":-1021,"msg":"Timestamp for this request was 1000ms ahead of the server's time."}
2025-03-18 19:56:07,831 - ERROR: Order management error: cannot unpack non-iterable NoneType object
2025-03-18 19:56:28,729 - ERROR: Order size calculation error: binance {"code":-1021,"msg":"Timestamp for this request was 1000ms ahead of the server's time."}
2025-03-18 19:56:28,729 - ERROR: Order management error: cannot unpack non-iterable NoneType object
2025-03-18 19:56:50,939 - ERROR: Order size calculation error: binance {"code":-1021,"msg":"Timestamp for this request was 1000ms ahead of the server's time."}
2025-03-18 19:56:50,939 - ERROR: Order management error: cannot unpack non-iterable NoneType object
2025-03-18 19:57:11,846 - ERROR: Order size calculation error: binance {"code":-1021,"msg":"Timestamp for this request was 1000ms ahead of the server's time."}
2025-03-18 19:57:11,846 - ERROR: Order management error: cannot unpack non-iterable NoneType object
2025-03-18 19:57:33,419 - ERROR: Order size calculation error: binance {"code":-1021,"msg":"Timestamp for this request was 1000ms ahead of the server's time."}
2025-03-18 19:57:33,419 - ERROR: Order management error: cannot unpack non-iterable NoneType object
2025-03-18 19:57:54,306 - ERROR: Order size calculation error: binance {"code":-1021,"msg":"Timestamp for this request was 1000ms ahead of the server's time."}
2025-03-18 19:57:54,306 - ERROR: Order management error: cannot unpack non-iterable NoneType object
2025-03-18 19:58:12,209 - INFO: Bot stopped by user.
2025-03-18 19:58:33,778 - INFO: Market Maker Bot Starting...
2025-03-18 19:58:37,539 - ERROR: Order size calculation error: binance {"code":-1021,"msg":"Timestamp for this request was 1000ms ahead of the server's time."}
2025-03-18 19:58:37,539 - ERROR: Order management error: cannot unpack non-iterable NoneType object
2025-03-18 19:58:59,078 - ERROR: Order size calculation error: binance {"code":-1021,"msg":"Timestamp for this request was 1000ms ahead of the server's time."}
2025-03-18 19:58:59,078 - ERROR: Order management error: cannot unpack non-iterable NoneType object
2025-03-18 19:59:20,284 - ERROR: Order size calculation error: binance {"code":-1021,"msg":"Timestamp for this request was 1000ms ahead of the server's time."}
2025-03-18 19:59:20,284 - ERROR: Order management error: cannot unpack non-iterable NoneType object
2025-03-18 19:59:41,476 - ERROR: Order size calculation error: binance {"code":-1021,"msg":"Timestamp for this request was 1000ms ahead of the server's time."}
2025-03-18 19:59:41,476 - ERROR: Order management error: cannot unpack non-iterable NoneType object
2025-03-18 20:00:02,704 - ERROR: Order size calculation error: binance {"code":-1021,"msg":"Timestamp for this request was 1000ms ahead of the server's time."}
2025-03-18 20:00:02,705 - ERROR: Order management error: cannot unpack non-iterable NoneType object
2025-03-18 20:00:23,930 - ERROR: Order size calculation error: binance {"code":-1021,"msg":"Timestamp for this request was 1000ms ahead of the server's time."}
2025-03-18 20:00:23,930 - ERROR: Order management error: cannot unpack non-iterable NoneType object
2025-03-18 20:00:45,487 - ERROR: Order size calculation error: binance {"code":-1021,"msg":"Timestamp for this request was 1000ms ahead of the server's time."}
2025-03-18 20:00:45,487 - ERROR: Order management error: cannot unpack non-iterable NoneType object
2025-03-18 20:01:06,727 - ERROR: Order size calculation error: binance {"code":-1021,"msg":"Timestamp for this request was 1000ms ahead of the server's time."}
2025-03-18 20:01:06,727 - ERROR: Order management error: cannot unpack non-iterable NoneType object
2025-03-18 20:01:28,265 - ERROR: Order size calculation error: binance {"code":-1021,"msg":"Timestamp for this request was 1000ms ahead of the server's time."}
2025-03-18 20:01:28,265 - ERROR: Order management error: cannot unpack non-iterable NoneType object
2025-03-18 20:01:49,145 - ERROR: Order size calculation error: binance {"code":-1021,"msg":"Timestamp for this request was 1000ms ahead of the server's time."}
2025-03-18 20:01:49,145 - ERROR: Order management error: cannot unpack non-iterable NoneType object
2025-03-18 20:02:11,412 - ERROR: Order size calculation error: binance {"code":-1021,"msg":"Timestamp for this request was 1000ms ahead of the server's time."}
2025-03-18 20:02:11,412 - ERROR: Order management error: cannot unpack non-iterable NoneType object
2025-03-18 20:02:32,299 - ERROR: Order size calculation error: binance {"code":-1021,"msg":"Timestamp for this request was 1000ms ahead of the server's time."}
2025-03-18 20:02:32,299 - ERROR: Order management error: cannot unpack non-iterable NoneType object
2025-03-18 20:02:54,199 - ERROR: Order size calculation error: binance {"code":-1021,"msg":"Timestamp for this request was 1000ms ahead of the server's time."}
2025-03-18 20:02:54,199 - ERROR: Order management error: cannot unpack non-iterable NoneType object
2025-03-18 20:03:15,107 - ERROR: Order size calculation error: binance {"code":-1021,"msg":"Timestamp for this request was 1000ms ahead of the server's time."}
2025-03-18 20:03:15,107 - ERROR: Order management error: cannot unpack non-iterable NoneType object
2025-03-18 20:03:36,755 - ERROR: Order size calculation error: binance {"code":-1021,"msg":"Timestamp for this request was 1000ms ahead of the server's time."}
2025-03-18 20:03:36,755 - ERROR: Order management error: cannot unpack non-iterable NoneType object
2025-03-18 20:03:57,635 - ERROR: Order size calculation error: binance {"code":-1021,"msg":"Timestamp for this request was 1000ms ahead of the server's time."}
2025-03-18 20:03:57,635 - ERROR: Order management error: cannot unpack non-iterable NoneType object
2025-03-18 20:04:18,519 - ERROR: Order size calculation error: binance {"code":-1021,"msg":"Timestamp for this request was 1000ms ahead of the server's time."}
2025-03-18 20:04:18,519 - ERROR: Order management error: cannot unpack non-iterable NoneType object
2025-03-18 20:04:39,726 - ERROR: Order size calculation error: binance {"code":-1021,"msg":"Timestamp for this request was 1000ms ahead of the server's time."}
2025-03-18 20:04:39,726 - ERROR: Order management error: cannot unpack non-iterable NoneType object
2025-03-18 20:05:00,933 - ERROR: Order size calculation error: binance {"code":-1021,"msg":"Timestamp for this request was 1000ms ahead of the server's time."}
2025-03-18 20:05:00,933 - ERROR: Order management error: cannot unpack non-iterable NoneType object
2025-03-18 20:05:21,815 - ERROR: Order size calculation error: binance {"code":-1021,"msg":"Timestamp for this request was 1000ms ahead of the server's time."}
2025-03-18 20:05:21,815 - ERROR: Order management error: cannot unpack non-iterable NoneType object
2025-03-18 20:05:43,038 - ERROR: Order size calculation error: binance {"code":-1021,"msg":"Timestamp for this request was 1000ms ahead of the server's time."}
2025-03-18 20:05:43,038 - ERROR: Order management error: cannot unpack non-iterable NoneType object
2025-03-18 20:06:04,583 - ERROR: Order size calculation error: binance {"code":-1021,"msg":"Timestamp for this request was 1000ms ahead of the server's time."}
2025-03-18 20:06:04,583 - ERROR: Order management error: cannot unpack non-iterable NoneType object
2025-03-18 20:06:25,468 - ERROR: Order size calculation error: binance {"code":-1021,"msg":"Timestamp for this request was 1000ms ahead of the server's time."}
2025-03-18 20:06:25,468 - ERROR: Order management error: cannot unpack non-iterable NoneType object
2025-03-18 20:06:47,329 - ERROR: Order size calculation error: binance {"code":-1021,"msg":"Timestamp for this request was 1000ms ahead of the server's time."}
2025-03-18 20:06:47,329 - ERROR: Order management error: cannot unpack non-iterable NoneType object
2025-03-18 20:07:08,250 - ERROR: Order size calculation error: binance {"code":-1021,"msg":"Timestamp for this request was 1000ms ahead of the server's time."}
2025-03-18 20:07:08,250 - ERROR: Order management error: cannot unpack non-iterable NoneType object
2025-03-18 20:07:29,822 - ERROR: Order size calculation error: binance {"code":-1021,"msg":"Timestamp for this request was 1000ms ahead of the server's time."}
2025-03-18 20:07:29,822 - ERROR: Order management error: cannot unpack non-iterable NoneType object
2025-03-18 20:07:36,994 - INFO: Bot stopped by user.
2025-03-18 20:07:39,793 - INFO: Market Maker Bot Starting...
2025-03-18 20:07:43,750 - ERROR: Order management error: 'MarketMaker' object has no attribute 'trading_pair'
2025-03-18 20:08:06,597 - ERROR: Order management error: 'MarketMaker' object has no attribute 'trading_pair'
2025-03-18 20:08:27,759 - ERROR: Order management error: 'MarketMaker' object has no attribute 'trading_pair'
2025-03-18 20:08:49,905 - ERROR: Order management error: 'MarketMaker' object has no attribute 'trading_pair'
2025-03-18 20:09:11,353 - ERROR: Order management error: 'MarketMaker' object has no attribute 'trading_pair'
2025-03-18 20:09:33,177 - ERROR: Order management error: 'MarketMaker' object has no attribute 'trading_pair'
2025-03-18 20:09:54,964 - ERROR: Order management error: 'MarketMaker' object has no attribute 'trading_pair'
2025-03-18 20:10:17,191 - ERROR: Order management error: 'MarketMaker' object has no attribute 'trading_pair'
2025-03-18 20:10:26,884 - INFO: Bot stopped by user.
2025-03-18 20:10:36,833 - INFO: Market Maker Bot Starting...
2025-03-18 20:10:41,102 - ERROR: Order management error: 'MarketMaker' object has no attribute 'config'
2025-03-18 20:11:03,152 - ERROR: Order management error: 'MarketMaker' object has no attribute 'config'
2025-03-18 20:11:24,813 - ERROR: Order management error: 'MarketMaker' object has no attribute 'config'
2025-03-18 20:11:46,112 - ERROR: Order management error: 'MarketMaker' object has no attribute 'config'
2025-03-18 20:11:49,869 - INFO: Bot stopped by user.
2025-03-18 20:11:53,060 - INFO: Market Maker Bot Starting...
2025-03-18 20:11:58,539 - INFO: Orders placed: Buy at 82350.0343, Sell at 83177.7957, Size: 0.002417
2025-03-18 20:12:20,701 - INFO: Orders placed: Buy at 82350.2920, Sell at 83178.0180, Size: 0.002369
2025-03-18 20:12:43,189 - INFO: Orders placed: Buy at 82370.1210, Sell at 83197.9890, Size: 0.002321
2025-03-18 20:14:12,349 - INFO: Bot stopped by user.
2025-03-18 20:14:15,689 - INFO: Market Maker Bot Starting...
2025-03-18 20:21:37,429 - INFO: Orders placed: Buy at 82427.2541, Sell at 83255.7259, Size: 0.002368
2025-03-18 20:21:59,840 - INFO: Orders placed: Buy at 82426.7215, Sell at 83255.1685, Size: 0.002321
2025-03-18 20:23:07,541 - INFO: Orders placed: Buy at 82268.8497, Sell at 83095.8803, Size: 0.002373
2025-03-18 20:23:29,305 - INFO: Orders placed: Buy at 82270.3492, Sell at 83097.4608, Size: 0.002372
2025-03-18 20:23:53,156 - INFO: Orders placed: Buy at 82270.5098, Sell at 83097.6202, Size: 0.002325
2025-03-18 20:37:47,903 - INFO: Orders placed: Buy at 82353.8633, Sell at 83181.5867, Size: 0.002323
2025-03-18 20:38:09,952 - INFO: Orders placed: Buy at 82356.7802, Sell at 83184.5198, Size: 0.002370
2025-03-18 20:38:32,380 - INFO: Orders placed: Buy at 82385.1329, Sell at 83213.1771, Size: 0.002322
2025-03-18 20:41:49,729 - INFO: Orders placed: Buy at 82443.4924, Sell at 83272.1476, Size: 0.002368
2025-03-18 20:42:12,113 - INFO: Orders placed: Buy at 82425.0593, Sell at 83253.5007, Size: 0.002321
2025-03-18 20:49:10,449 - INFO: Orders placed: Buy at 82341.8077, Sell at 83169.4823, Size: 0.002371
2025-03-18 20:49:32,197 - INFO: Orders placed: Buy at 82363.2326, Sell at 83191.1174, Size: 0.002323
2025-03-18 20:51:21,662 - INFO: Orders placed: Buy at 82443.7871, Sell at 83272.5129, Size: 0.002322
2025-03-18 20:59:46,467 - INFO: Orders placed: Buy at 82463.0065, Sell at 83291.8435, Size: 0.002321
2025-03-18 21:02:19,985 - INFO: Orders placed: Buy at 82493.5708, Sell at 83322.6992, Size: 0.002320
2025-03-18 21:04:54,274 - INFO: Orders placed: Buy at 82524.5378, Sell at 83354.0122, Size: 0.002319
2025-03-18 21:07:05,195 - INFO: Orders placed: Buy at 82556.5491, Sell at 83386.3109, Size: 0.002318
2025-03-18 21:08:32,996 - INFO: Orders placed: Buy at 82567.0346, Sell at 83396.9454, Size: 0.002318
2025-03-18 21:15:52,751 - INFO: Orders placed: Buy at 82512.1859, Sell at 83341.4841, Size: 0.002366
2025-03-18 21:16:14,835 - INFO: Orders placed: Buy at 82514.7986, Sell at 83344.1314, Size: 0.002319
2025-03-18 21:22:33,934 - INFO: Orders placed: Buy at 82421.5068, Sell at 83249.9332, Size: 0.002414
2025-03-18 21:22:56,974 - INFO: Orders placed: Buy at 82424.6768, Sell at 83253.0832, Size: 0.002366
2025-03-18 21:23:19,448 - INFO: Orders placed: Buy at 82430.1245, Sell at 83258.5755, Size: 0.002319
2025-03-18 21:33:18,956 - INFO: Bot stopped by user.
2025-03-18 21:33:22,273 - INFO: Market Maker Bot Starting...
2025-03-18 21:35:20,360 - INFO: Orders placed: Buy at 82509.7681, Sell at 83339.1019, Size: 0.002366
2025-03-18 21:35:44,167 - INFO: Orders placed: Buy at 82516.2874, Sell at 83345.6826, Size: 0.002319
2025-03-18 21:36:07,713 - INFO: Orders placed: Buy at 82526.9262, Sell at 83356.4238, Size: 0.002318
2025-03-18 21:57:16,732 - INFO: Orders placed: Buy at 82595.5386, Sell at 83425.6614, Size: 0.002317
2025-03-18 21:58:02,938 - INFO: Orders placed: Buy at 82649.5067, Sell at 83480.2433, Size: 0.002362
2025-03-18 21:58:24,867 - INFO: Orders placed: Buy at 82650.0251, Sell at 83480.8049, Size: 0.002315
2025-03-18 22:03:35,102 - INFO: Orders placed: Buy at 82563.0114, Sell at 83392.8686, Size: 0.002364
2025-03-18 22:03:57,297 - INFO: Orders placed: Buy at 82561.0030, Sell at 83390.7970, Size: 0.002317
2025-03-18 22:05:51,204 - INFO: Bot stopped by user.
2025-03-25 20:40:09,297 - INFO: Market Maker Bot Starting...
2025-03-25 20:40:15,158 - INFO: Orders placed: Buy at 87067.7061, Sell at 87942.7839, Size: 0.002330
2025-03-25 20:40:38,266 - INFO: Orders placed: Buy at 87076.3165, Sell at 87951.4835, Size: 0.002283
2025-03-25 20:41:01,173 - INFO: Orders placed: Buy at 87073.2814, Sell at 87948.4186, Size: 0.002238
2025-03-25 20:44:03,909 - INFO: Orders placed: Buy at 86990.4250, Sell at 87865.2150, Size: 0.002332
2025-03-25 20:44:27,087 - INFO: Orders placed: Buy at 86989.4406, Sell at 87864.2394, Size: 0.002285
2025-03-25 20:44:50,505 - INFO: Orders placed: Buy at 86989.5108, Sell at 87863.7792, Size: 0.002240
2025-03-25 20:45:32,033 - INFO: Bot stopped by user.
2025-03-25 20:45:34,958 - INFO: Market Maker Bot Starting...
2025-03-25 20:46:06,203 - INFO: Orders placed: Buy at 87336.7577, Sell at 87511.6123, Size: 0.002332
2025-03-25 20:46:30,025 - INFO: Orders placed: Buy at 87336.9178, Sell at 87511.7722, Size: 0.002285
2025-03-25 20:46:52,819 - INFO: Orders placed: Buy at 87335.4440, Sell at 87510.2960, Size: 0.002240
2025-03-25 20:48:46,542 - INFO: Orders placed: Buy at 87356.9658, Sell at 87531.8642, Size: 0.002331
2025-03-25 20:49:09,364 - INFO: Orders placed: Buy at 87357.7501, Sell at 87532.6499, Size: 0.002285
2025-03-25 20:49:33,214 - INFO: Orders placed: Buy at 87356.9659, Sell at 87531.8641, Size: 0.002239
2025-03-25 20:50:43,469 - INFO: Orders placed: Buy at 87350.5495, Sell at 87525.4305, Size: 0.002331
2025-03-25 20:51:06,670 - INFO: Orders placed: Buy at 87342.6881, Sell at 87517.5519, Size: 0.002285
2025-03-25 20:51:32,350 - INFO: Orders placed: Buy at 87288.6974, Sell at 87463.4726, Size: 0.002241
2025-03-25 20:51:56,229 - INFO: Orders placed: Buy at 87303.6872, Sell at 87478.4828, Size: 0.002288
2025-03-25 20:52:19,263 - INFO: Orders placed: Buy at 87270.8997, Sell at 87466.8103, Size: 0.002243
2025-03-25 20:52:43,663 - INFO: Orders placed: Buy at 87295.6740, Sell at 87470.4460, Size: 0.002233
2025-03-25 20:55:00,176 - INFO: Orders placed: Buy at 87284.2302, Sell at 87458.9798, Size: 0.002233
2025-03-25 20:59:34,773 - INFO: Orders placed: Buy at 87237.2699, Sell at 87411.9401, Size: 0.002279
2025-03-25 20:59:57,293 - INFO: Orders placed: Buy at 87237.2849, Sell at 87411.9551, Size: 0.002234
2025-03-25 21:00:19,758 - INFO: Orders placed: Buy at 87230.4010, Sell at 87405.0490, Size: 0.002189
2025-03-25 21:01:53,545 - ERROR: Order management error: binance {"code":-2011,"msg":"Unknown order sent."}
2025-03-25 21:02:16,370 - INFO: Orders placed: Buy at 87317.9185, Sell at 87492.7615, Size: 0.002276
2025-03-25 21:02:40,214 - INFO: Orders placed: Buy at 87310.6557, Sell at 87485.4843, Size: 0.002231
2025-03-25 21:03:03,049 - INFO: Orders placed: Buy at 87309.9414, Sell at 87484.7686, Size: 0.002186
2025-03-25 21:04:59,049 - INFO: Orders placed: Buy at 87253.1994, Sell at 87427.9006, Size: 0.002278
2025-03-25 21:05:21,878 - INFO: Orders placed: Buy at 87250.1571, Sell at 87424.8529, Size: 0.002232
2025-03-25 21:05:45,307 - INFO: Orders placed: Buy at 87249.6070, Sell at 87424.3030, Size: 0.002188
2025-03-25 21:06:31,753 - INFO: Orders placed: Buy at 87220.7105, Sell at 87408.0995, Size: 0.002145
2025-03-25 21:06:56,957 - INFO: Orders placed: Buy at 87202.4982, Sell at 87386.2518, Size: 0.002102
2025-03-25 21:07:19,738 - INFO: Orders placed: Buy at 87198.1430, Sell at 87381.8870, Size: 0.002061
2025-03-25 21:07:43,305 - INFO: Orders placed: Buy at 87198.1430, Sell at 87381.8870, Size: 0.002019
2025-03-25 21:09:38,808 - INFO: Orders placed: Buy at 87179.7038, Sell at 87354.2462, Size: 0.002103
2025-03-25 21:10:01,622 - INFO: Orders placed: Buy at 87175.7309, Sell at 87350.2591, Size: 0.002061
2025-03-25 21:10:24,436 - INFO: Orders placed: Buy at 87173.8524, Sell at 87348.3776, Size: 0.002020
2025-03-25 21:11:35,310 - INFO: Orders placed: Buy at 87126.5054, Sell at 87300.9546, Size: 0.002104
2025-03-25 21:11:58,145 - INFO: Orders placed: Buy at 87112.7740, Sell at 87287.1860, Size: 0.002063
2025-03-25 21:12:21,279 - INFO: Orders placed: Buy at 87119.3187, Sell at 87293.7413, Size: 0.002021
2025-03-25 21:13:07,672 - INFO: Orders placed: Buy at 87103.7152, Sell at 87278.1048, Size: 0.002023
2025-03-25 21:13:54,102 - INFO: Orders placed: Buy at 87103.5673, Sell at 87277.9527, Size: 0.002023
2025-03-25 21:14:42,558 - INFO: Orders placed: Buy at 87122.0380, Sell at 87296.4620, Size: 0.002104
2025-03-25 21:15:05,938 - INFO: Orders placed: Buy at 87105.5976, Sell at 87279.9924, Size: 0.002063
2025-03-25 21:15:29,423 - INFO: Orders placed: Buy at 87108.2447, Sell at 87282.6453, Size: 0.002022
2025-03-25 21:16:15,726 - INFO: Orders placed: Buy at 87100.5156, Sell at 87274.8944, Size: 0.002023
2025-03-25 21:17:25,135 - INFO: Orders placed: Buy at 87084.5216, Sell at 87258.8684, Size: 0.002065
2025-03-25 21:17:49,021 - INFO: Orders placed: Buy at 87079.5412, Sell at 87253.8788, Size: 0.002024
2025-03-25 21:18:12,582 - INFO: Orders placed: Buy at 87063.0912, Sell at 87237.3988, Size: 0.002024
2025-03-25 21:18:35,745 - INFO: Orders placed: Buy at 87072.6978, Sell at 87247.0222, Size: 0.002025
2025-03-25 21:19:22,572 - INFO: Orders placed: Buy at 87146.6066, Sell at 87321.0834, Size: 0.002104
2025-03-25 21:19:46,859 - INFO: Orders placed: Buy at 87169.1064, Sell at 87343.6236, Size: 0.002061
2025-03-25 21:20:10,023 - INFO: Orders placed: Buy at 87168.5051, Sell at 87343.0249, Size: 0.002062
2025-03-25 21:20:34,677 - INFO: Orders placed: Buy at 87190.9611, Sell at 87365.5289, Size: 0.002021
2025-03-25 21:20:58,603 - INFO: Orders placed: Buy at 87167.7793, Sell at 87342.3007, Size: 0.002063
2025-03-25 21:21:21,726 - INFO: Orders placed: Buy at 87167.7592, Sell at 87342.2808, Size: 0.002062
2025-03-25 21:21:46,924 - INFO: Orders placed: Buy at 87198.2137, Sell at 87372.7963, Size: 0.002020
2025-03-25 21:22:10,053 - INFO: Orders placed: Buy at 87201.2291, Sell at 87375.8209, Size: 0.002062
2025-03-25 21:22:33,814 - INFO: Orders placed: Buy at 87203.7427, Sell at 87378.3273, Size: 0.002021
2025-03-25 21:24:06,374 - INFO: Orders placed: Buy at 87220.2535, Sell at 87394.8765, Size: 0.002062
2025-03-25 21:24:30,569 - INFO: Orders placed: Buy at 87220.2038, Sell at 87394.8262, Size: 0.002021
2025-03-25 21:26:02,307 - INFO: Orders placed: Buy at 87187.3567, Sell at 87361.9133, Size: 0.002063
2025-03-25 21:26:25,754 - INFO: Orders placed: Buy at 87187.7887, Sell at 87362.3413, Size: 0.002021
2025-03-25 21:28:43,572 - INFO: Orders placed: Buy at 87172.8250, Sell at 87347.3550, Size: 0.002063
2025-03-25 21:29:07,098 - INFO: Orders placed: Buy at 87172.5669, Sell at 87347.1031, Size: 0.002062
2025-03-25 21:29:30,828 - INFO: Orders placed: Buy at 87172.2172, Sell at 87346.7528, Size: 0.002021
2025-03-25 21:30:41,660 - INFO: Orders placed: Buy at 87147.7953, Sell at 87322.2747, Size: 0.002104
2025-03-25 21:31:05,525 - INFO: Orders placed: Buy at 87147.3205, Sell at 87321.7995, Size: 0.002062
2025-03-25 21:31:29,059 - INFO: Orders placed: Buy at 87135.5227, Sell at 87309.9773, Size: 0.002021
2025-03-25 21:31:53,752 - INFO: Orders placed: Buy at 87080.8952, Sell at 87255.2748, Size: 0.002064
2025-03-25 21:32:16,563 - INFO: Orders placed: Buy at 87080.2118, Sell at 87254.5682, Size: 0.002146
2025-03-25 21:32:40,024 - INFO: Orders placed: Buy at 87064.8393, Sell at 87239.1507, Size: 0.002104
2025-03-25 21:34:33,615 - INFO: Orders placed: Buy at 87095.3693, Sell at 87269.7407, Size: 0.002103
2025-03-25 21:35:20,318 - INFO: Orders placed: Buy at 87123.2593, Sell at 87297.6907, Size: 0.002186
2025-03-25 21:35:43,833 - INFO: Orders placed: Buy at 87122.0152, Sell at 87296.4448, Size: 0.002143
2025-03-25 21:36:06,975 - INFO: Orders placed: Buy at 87123.2385, Sell at 87297.6715, Size: 0.002100
